<?xml version="1.0" encoding="UTF-8"?>
<testsuite name="com.tictactoe.TicTacToeTestSuite$testBoard3" tests="5" skipped="0" failures="0" errors="0" timestamp="2023-03-28T15:59:41" hostname="DESKTOP-7PQJLAV" time="0.003">
  <properties/>
  <testcase name="testAddMove()" classname="com.tictactoe.TicTacToeTestSuite$testBoard3" time="0.0"/>
  <testcase name="testVictoryVertical()" classname="com.tictactoe.TicTacToeTestSuite$testBoard3" time="0.0"/>
  <testcase name="testVictoryDiagonalRight()" classname="com.tictactoe.TicTacToeTestSuite$testBoard3" time="0.001"/>
  <testcase name="testVictoryHorizontal()" classname="com.tictactoe.TicTacToeTestSuite$testBoard3" time="0.0"/>
  <testcase name="testVictoryDiagonalLeft()" classname="com.tictactoe.TicTacToeTestSuite$testBoard3" time="0.0"/>
  <system-out><![CDATA[]]></system-out>
  <system-err><![CDATA[]]></system-err>
</testsuite>
